{"D:\\_ai\\kiro-projects\\insurance\\frontend\\src\\App.tsx": {"path":"D:\\_ai\\kiro-projects\\insurance\\frontend\\src\\App.tsx","statementMap":{"0":{"start":{"line":14,"column":2},"end":{"line":42,"column":4}}},"fnMap":{"0":{"name":"App","decl":{"start":{"line":13,"column":9},"end":{"line":13,"column":12}},"loc":{"start":{"line":13,"column":15},"end":{"line":43,"column":1}},"line":13}},"branchMap":{},"s":{"0":1},"f":{"0":1},"b":{},"_coverageSchema":"1a1c01bbd47fc00a2c39e90264f33305004495a9","hash":"6ccd4f8c9f4bdbec064472cb9fa34a3918dd161c"}
,"D:\\_ai\\kiro-projects\\insurance\\frontend\\src\\index.tsx": {"path":"D:\\_ai\\kiro-projects\\insurance\\frontend\\src\\index.tsx","statementMap":{"0":{"start":{"line":10,"column":13},"end":{"line":12,"column":1}},"1":{"start":{"line":14,"column":0},"end":{"line":23,"column":2}}},"fnMap":{},"branchMap":{},"s":{"0":0,"1":0},"f":{},"b":{}}
,"D:\\_ai\\kiro-projects\\insurance\\frontend\\src\\components\\common\\ProtectedRoute.tsx": {"path":"D:\\_ai\\kiro-projects\\insurance\\frontend\\src\\components\\common\\ProtectedRoute.tsx","statementMap":{"0":{"start":{"line":11,"column":54},"end":{"line":40,"column":1}},"1":{"start":{"line":15,"column":47},"end":{"line":15,"column":56}},"2":{"start":{"line":16,"column":19},"end":{"line":16,"column":32}},"3":{"start":{"line":18,"column":2},"end":{"line":29,"column":3}},"4":{"start":{"line":19,"column":4},"end":{"line":28,"column":6}},"5":{"start":{"line":31,"column":2},"end":{"line":33,"column":3}},"6":{"start":{"line":32,"column":4},"end":{"line":32,"column":71}},"7":{"start":{"line":35,"column":2},"end":{"line":37,"column":3}},"8":{"start":{"line":36,"column":4},"end":{"line":36,"column":48}},"9":{"start":{"line":39,"column":2},"end":{"line":39,"column":25}}},"fnMap":{"0":{"name":"(anonymous_0)","decl":{"start":{"line":11,"column":54},"end":{"line":11,"column":55}},"loc":{"start":{"line":14,"column":6},"end":{"line":40,"column":1}},"line":14}},"branchMap":{"0":{"loc":{"start":{"line":18,"column":2},"end":{"line":29,"column":3}},"type":"if","locations":[{"start":{"line":18,"column":2},"end":{"line":29,"column":3}},{"start":{},"end":{}}],"line":18},"1":{"loc":{"start":{"line":31,"column":2},"end":{"line":33,"column":3}},"type":"if","locations":[{"start":{"line":31,"column":2},"end":{"line":33,"column":3}},{"start":{},"end":{}}],"line":31},"2":{"loc":{"start":{"line":35,"column":2},"end":{"line":37,"column":3}},"type":"if","locations":[{"start":{"line":35,"column":2},"end":{"line":37,"column":3}},{"start":{},"end":{}}],"line":35},"3":{"loc":{"start":{"line":35,"column":6},"end":{"line":35,"column":49}},"type":"binary-expr","locations":[{"start":{"line":35,"column":6},"end":{"line":35,"column":18}},{"start":{"line":35,"column":22},"end":{"line":35,"column":49}}],"line":35}},"s":{"0":1,"1":1,"2":1,"3":1,"4":0,"5":1,"6":1,"7":0,"8":0,"9":0},"f":{"0":1},"b":{"0":[0,1],"1":[1,0],"2":[0,0],"3":[0,0]},"_coverageSchema":"1a1c01bbd47fc00a2c39e90264f33305004495a9","hash":"96336f83af0cdca5f35cc0c98b0be303cd45040e"}
,"D:\\_ai\\kiro-projects\\insurance\\frontend\\src\\components\\layout\\Header.tsx": {"path":"D:\\_ai\\kiro-projects\\insurance\\frontend\\src\\components\\layout\\Header.tsx","statementMap":{"0":{"start":{"line":15,"column":25},"end":{"line":81,"column":1}},"1":{"start":{"line":16,"column":27},"end":{"line":16,"column":36}},"2":{"start":{"line":17,"column":34},"end":{"line":17,"column":74}},"3":{"start":{"line":19,"column":21},"end":{"line":21,"column":3}},"4":{"start":{"line":20,"column":4},"end":{"line":20,"column":37}},"5":{"start":{"line":23,"column":22},"end":{"line":25,"column":3}},"6":{"start":{"line":24,"column":4},"end":{"line":24,"column":22}},"7":{"start":{"line":27,"column":23},"end":{"line":30,"column":3}},"8":{"start":{"line":28,"column":4},"end":{"line":28,"column":13}},"9":{"start":{"line":29,"column":4},"end":{"line":29,"column":18}},"10":{"start":{"line":32,"column":2},"end":{"line":80,"column":4}}},"fnMap":{"0":{"name":"(anonymous_0)","decl":{"start":{"line":15,"column":25},"end":{"line":15,"column":26}},"loc":{"start":{"line":15,"column":31},"end":{"line":81,"column":1}},"line":15},"1":{"name":"(anonymous_1)","decl":{"start":{"line":19,"column":21},"end":{"line":19,"column":22}},"loc":{"start":{"line":19,"column":63},"end":{"line":21,"column":3}},"line":19},"2":{"name":"(anonymous_2)","decl":{"start":{"line":23,"column":22},"end":{"line":23,"column":23}},"loc":{"start":{"line":23,"column":28},"end":{"line":25,"column":3}},"line":23},"3":{"name":"(anonymous_3)","decl":{"start":{"line":27,"column":23},"end":{"line":27,"column":24}},"loc":{"start":{"line":27,"column":29},"end":{"line":30,"column":3}},"line":27}},"branchMap":{},"s":{"0":1,"1":0,"2":0,"3":0,"4":0,"5":0,"6":0,"7":0,"8":0,"9":0,"10":0},"f":{"0":0,"1":0,"2":0,"3":0},"b":{},"_coverageSchema":"1a1c01bbd47fc00a2c39e90264f33305004495a9","hash":"b9b4424cbd97cb1ca248722834631e6f035f9a6a"}
,"D:\\_ai\\kiro-projects\\insurance\\frontend\\src\\components\\layout\\Layout.tsx": {"path":"D:\\_ai\\kiro-projects\\insurance\\frontend\\src\\components\\layout\\Layout.tsx","statementMap":{"0":{"start":{"line":7,"column":25},"end":{"line":26,"column":1}},"1":{"start":{"line":8,"column":2},"end":{"line":25,"column":4}}},"fnMap":{"0":{"name":"(anonymous_0)","decl":{"start":{"line":7,"column":25},"end":{"line":7,"column":26}},"loc":{"start":{"line":7,"column":31},"end":{"line":26,"column":1}},"line":7}},"branchMap":{},"s":{"0":1,"1":0},"f":{"0":0},"b":{},"_coverageSchema":"1a1c01bbd47fc00a2c39e90264f33305004495a9","hash":"b12ae49c3bd70225e7b092f65df5c2b36d6cfbbe"}
,"D:\\_ai\\kiro-projects\\insurance\\frontend\\src\\components\\layout\\Sidebar.tsx": {"path":"D:\\_ai\\kiro-projects\\insurance\\frontend\\src\\components\\layout\\Sidebar.tsx","statementMap":{"0":{"start":{"line":22,"column":20},"end":{"line":22,"column":23}},"1":{"start":{"line":31,"column":42},"end":{"line":48,"column":1}},"2":{"start":{"line":50,"column":26},"end":{"line":127,"column":1}},"3":{"start":{"line":51,"column":19},"end":{"line":51,"column":32}},"4":{"start":{"line":52,"column":19},"end":{"line":52,"column":32}},"5":{"start":{"line":53,"column":19},"end":{"line":53,"column":28}},"6":{"start":{"line":55,"column":27},"end":{"line":57,"column":3}},"7":{"start":{"line":56,"column":4},"end":{"line":56,"column":19}},"8":{"start":{"line":59,"column":24},"end":{"line":61,"column":3}},"9":{"start":{"line":60,"column":4},"end":{"line":60,"column":58}},"10":{"start":{"line":63,"column":2},"end":{"line":126,"column":4}},"11":{"start":{"line":92,"column":10},"end":{"line":122,"column":21}},"12":{"start":{"line":95,"column":29},"end":{"line":95,"column":56}}},"fnMap":{"0":{"name":"(anonymous_0)","decl":{"start":{"line":50,"column":26},"end":{"line":50,"column":27}},"loc":{"start":{"line":50,"column":32},"end":{"line":127,"column":1}},"line":50},"1":{"name":"(anonymous_1)","decl":{"start":{"line":55,"column":27},"end":{"line":55,"column":28}},"loc":{"start":{"line":55,"column":45},"end":{"line":57,"column":3}},"line":55},"2":{"name":"(anonymous_2)","decl":{"start":{"line":59,"column":47},"end":{"line":59,"column":48}},"loc":{"start":{"line":60,"column":4},"end":{"line":60,"column":58}},"line":60},"3":{"name":"(anonymous_3)","decl":{"start":{"line":91,"column":27},"end":{"line":91,"column":28}},"loc":{"start":{"line":92,"column":10},"end":{"line":122,"column":21}},"line":92},"4":{"name":"(anonymous_4)","decl":{"start":{"line":95,"column":23},"end":{"line":95,"column":24}},"loc":{"start":{"line":95,"column":29},"end":{"line":95,"column":56}},"line":95}},"branchMap":{"0":{"loc":{"start":{"line":60,"column":4},"end":{"line":60,"column":58}},"type":"binary-expr","locations":[{"start":{"line":60,"column":4},"end":{"line":60,"column":22}},{"start":{"line":60,"column":26},"end":{"line":60,"column":58}}],"line":60},"1":{"loc":{"start":{"line":113,"column":25},"end":{"line":115,"column":36}},"type":"cond-expr","locations":[{"start":{"line":114,"column":22},"end":{"line":114,"column":31}},{"start":{"line":115,"column":22},"end":{"line":115,"column":36}}],"line":113}},"s":{"0":1,"1":1,"2":1,"3":0,"4":0,"5":0,"6":0,"7":0,"8":0,"9":0,"10":0,"11":0,"12":0},"f":{"0":0,"1":0,"2":0,"3":0,"4":0},"b":{"0":[0,0],"1":[0,0]},"_coverageSchema":"1a1c01bbd47fc00a2c39e90264f33305004495a9","hash":"a40f6a71b8ecc93f2e007487a945d2123368083e"}
,"D:\\_ai\\kiro-projects\\insurance\\frontend\\src\\contexts\\AuthContext.tsx": {"path":"D:\\_ai\\kiro-projects\\insurance\\frontend\\src\\contexts\\AuthContext.tsx","statementMap":{"0":{"start":{"line":13,"column":20},"end":{"line":13,"column":73}},"1":{"start":{"line":19,"column":57},"end":{"line":71,"column":1}},"2":{"start":{"line":20,"column":26},"end":{"line":20,"column":53}},"3":{"start":{"line":21,"column":36},"end":{"line":21,"column":50}},"4":{"start":{"line":23,"column":2},"end":{"line":41,"column":9}},"5":{"start":{"line":25,"column":27},"end":{"line":38,"column":5}},"6":{"start":{"line":26,"column":6},"end":{"line":37,"column":7}},"7":{"start":{"line":27,"column":22},"end":{"line":27,"column":51}},"8":{"start":{"line":28,"column":8},"end":{"line":31,"column":9}},"9":{"start":{"line":29,"column":27},"end":{"line":29,"column":61}},"10":{"start":{"line":30,"column":10},"end":{"line":30,"column":28}},"11":{"start":{"line":34,"column":8},"end":{"line":34,"column":41}},"12":{"start":{"line":36,"column":8},"end":{"line":36,"column":28}},"13":{"start":{"line":40,"column":4},"end":{"line":40,"column":21}},"14":{"start":{"line":43,"column":16},"end":{"line":51,"column":3}},"15":{"start":{"line":44,"column":4},"end":{"line":50,"column":5}},"16":{"start":{"line":45,"column":37},"end":{"line":45,"column":73}},"17":{"start":{"line":46,"column":6},"end":{"line":46,"column":52}},"18":{"start":{"line":47,"column":6},"end":{"line":47,"column":29}},"19":{"start":{"line":49,"column":6},"end":{"line":49,"column":18}},"20":{"start":{"line":53,"column":17},"end":{"line":56,"column":3}},"21":{"start":{"line":54,"column":4},"end":{"line":54,"column":37}},"22":{"start":{"line":55,"column":4},"end":{"line":55,"column":18}},"23":{"start":{"line":58,"column":33},"end":{"line":64,"column":3}},"24":{"start":{"line":66,"column":2},"end":{"line":70,"column":4}},"25":{"start":{"line":73,"column":23},"end":{"line":79,"column":1}},"26":{"start":{"line":74,"column":18},"end":{"line":74,"column":41}},"27":{"start":{"line":75,"column":2},"end":{"line":77,"column":3}},"28":{"start":{"line":76,"column":4},"end":{"line":76,"column":67}},"29":{"start":{"line":78,"column":2},"end":{"line":78,"column":17}}},"fnMap":{"0":{"name":"(anonymous_0)","decl":{"start":{"line":19,"column":57},"end":{"line":19,"column":58}},"loc":{"start":{"line":19,"column":75},"end":{"line":71,"column":1}},"line":19},"1":{"name":"(anonymous_1)","decl":{"start":{"line":23,"column":12},"end":{"line":23,"column":13}},"loc":{"start":{"line":23,"column":18},"end":{"line":41,"column":3}},"line":23},"2":{"name":"(anonymous_2)","decl":{"start":{"line":25,"column":27},"end":{"line":25,"column":28}},"loc":{"start":{"line":25,"column":39},"end":{"line":38,"column":5}},"line":25},"3":{"name":"(anonymous_3)","decl":{"start":{"line":43,"column":16},"end":{"line":43,"column":17}},"loc":{"start":{"line":43,"column":68},"end":{"line":51,"column":3}},"line":43},"4":{"name":"(anonymous_4)","decl":{"start":{"line":53,"column":17},"end":{"line":53,"column":18}},"loc":{"start":{"line":53,"column":23},"end":{"line":56,"column":3}},"line":53},"5":{"name":"(anonymous_5)","decl":{"start":{"line":73,"column":23},"end":{"line":73,"column":24}},"loc":{"start":{"line":73,"column":46},"end":{"line":79,"column":1}},"line":73}},"branchMap":{"0":{"loc":{"start":{"line":28,"column":8},"end":{"line":31,"column":9}},"type":"if","locations":[{"start":{"line":28,"column":8},"end":{"line":31,"column":9}},{"start":{},"end":{}}],"line":28},"1":{"loc":{"start":{"line":75,"column":2},"end":{"line":77,"column":3}},"type":"if","locations":[{"start":{"line":75,"column":2},"end":{"line":77,"column":3}},{"start":{},"end":{}}],"line":75}},"s":{"0":0,"1":0,"2":0,"3":0,"4":0,"5":0,"6":0,"7":0,"8":0,"9":0,"10":0,"11":0,"12":0,"13":0,"14":0,"15":0,"16":0,"17":0,"18":0,"19":0,"20":0,"21":0,"22":0,"23":0,"24":0,"25":0,"26":0,"27":0,"28":0,"29":0},"f":{"0":0,"1":0,"2":0,"3":0,"4":0,"5":0},"b":{"0":[0,0],"1":[0,0]}}
,"D:\\_ai\\kiro-projects\\insurance\\frontend\\src\\pages\\DashboardPage.tsx": {"path":"D:\\_ai\\kiro-projects\\insurance\\frontend\\src\\pages\\DashboardPage.tsx","statementMap":{"0":{"start":{"line":19,"column":32},"end":{"line":104,"column":1}},"1":{"start":{"line":20,"column":19},"end":{"line":20,"column":28}},"2":{"start":{"line":22,"column":25},"end":{"line":51,"column":3}},"3":{"start":{"line":53,"column":2},"end":{"line":103,"column":4}},"4":{"start":{"line":64,"column":10},"end":{"line":99,"column":17}},"5":{"start":{"line":92,"column":20},"end":{"line":92,"column":60}}},"fnMap":{"0":{"name":"(anonymous_0)","decl":{"start":{"line":19,"column":32},"end":{"line":19,"column":33}},"loc":{"start":{"line":19,"column":38},"end":{"line":104,"column":1}},"line":19},"1":{"name":"(anonymous_1)","decl":{"start":{"line":63,"column":28},"end":{"line":63,"column":29}},"loc":{"start":{"line":64,"column":10},"end":{"line":99,"column":17}},"line":64},"2":{"name":"(anonymous_2)","decl":{"start":{"line":90,"column":27},"end":{"line":90,"column":28}},"loc":{"start":{"line":90,"column":33},"end":{"line":93,"column":19}},"line":90}},"branchMap":{"0":{"loc":{"start":{"line":30,"column":8},"end":{"line":36,"column":11}},"type":"cond-expr","locations":[{"start":{"line":30,"column":33},"end":{"line":36,"column":6}},{"start":{"line":36,"column":9},"end":{"line":36,"column":11}}],"line":30}},"s":{"0":1,"1":0,"2":0,"3":0,"4":0,"5":0},"f":{"0":0,"1":0,"2":0},"b":{"0":[0,0]},"_coverageSchema":"1a1c01bbd47fc00a2c39e90264f33305004495a9","hash":"508056d8f9c4ef6e7373c072cfa2350ec78e416b"}
,"D:\\_ai\\kiro-projects\\insurance\\frontend\\src\\pages\\LoginPage.tsx": {"path":"D:\\_ai\\kiro-projects\\insurance\\frontend\\src\\pages\\LoginPage.tsx","statementMap":{"0":{"start":{"line":17,"column":28},"end":{"line":121,"column":1}},"1":{"start":{"line":18,"column":37},"end":{"line":18,"column":46}},"2":{"start":{"line":19,"column":19},"end":{"line":19,"column":32}},"3":{"start":{"line":20,"column":40},"end":{"line":23,"column":4}},"4":{"start":{"line":24,"column":36},"end":{"line":24,"column":51}},"5":{"start":{"line":25,"column":28},"end":{"line":25,"column":57}},"6":{"start":{"line":27,"column":15},"end":{"line":27,"column":61}},"7":{"start":{"line":29,"column":2},"end":{"line":31,"column":3}},"8":{"start":{"line":30,"column":4},"end":{"line":30,"column":42}},"9":{"start":{"line":33,"column":23},"end":{"line":45,"column":3}},"10":{"start":{"line":34,"column":4},"end":{"line":34,"column":23}},"11":{"start":{"line":35,"column":4},"end":{"line":35,"column":23}},"12":{"start":{"line":36,"column":4},"end":{"line":36,"column":19}},"13":{"start":{"line":38,"column":4},"end":{"line":44,"column":5}},"14":{"start":{"line":39,"column":6},"end":{"line":39,"column":31}},"15":{"start":{"line":41,"column":6},"end":{"line":41,"column":81}},"16":{"start":{"line":43,"column":6},"end":{"line":43,"column":26}},"17":{"start":{"line":47,"column":23},"end":{"line":54,"column":3}},"18":{"start":{"line":47,"column":54},"end":{"line":54,"column":3}},"19":{"start":{"line":50,"column":4},"end":{"line":53,"column":8}},"20":{"start":{"line":50,"column":28},"end":{"line":53,"column":5}},"21":{"start":{"line":56,"column":2},"end":{"line":120,"column":4}}},"fnMap":{"0":{"name":"(anonymous_0)","decl":{"start":{"line":17,"column":28},"end":{"line":17,"column":29}},"loc":{"start":{"line":17,"column":34},"end":{"line":121,"column":1}},"line":17},"1":{"name":"(anonymous_1)","decl":{"start":{"line":33,"column":23},"end":{"line":33,"column":24}},"loc":{"start":{"line":33,"column":53},"end":{"line":45,"column":3}},"line":33},"2":{"name":"(anonymous_2)","decl":{"start":{"line":47,"column":23},"end":{"line":47,"column":24}},"loc":{"start":{"line":47,"column":54},"end":{"line":54,"column":3}},"line":47},"3":{"name":"(anonymous_3)","decl":{"start":{"line":47,"column":54},"end":{"line":47,"column":55}},"loc":{"start":{"line":49,"column":7},"end":{"line":54,"column":3}},"line":49},"4":{"name":"(anonymous_4)","decl":{"start":{"line":50,"column":19},"end":{"line":50,"column":20}},"loc":{"start":{"line":50,"column":28},"end":{"line":53,"column":5}},"line":50}},"branchMap":{"0":{"loc":{"start":{"line":27,"column":15},"end":{"line":27,"column":61}},"type":"binary-expr","locations":[{"start":{"line":27,"column":15},"end":{"line":27,"column":45}},{"start":{"line":27,"column":49},"end":{"line":27,"column":61}}],"line":27},"1":{"loc":{"start":{"line":29,"column":2},"end":{"line":31,"column":3}},"type":"if","locations":[{"start":{"line":29,"column":2},"end":{"line":31,"column":3}},{"start":{},"end":{}}],"line":29},"2":{"loc":{"start":{"line":41,"column":15},"end":{"line":41,"column":79}},"type":"binary-expr","locations":[{"start":{"line":41,"column":15},"end":{"line":41,"column":42}},{"start":{"line":41,"column":46},"end":{"line":41,"column":79}}],"line":41},"3":{"loc":{"start":{"line":79,"column":11},"end":{"line":83,"column":11}},"type":"binary-expr","locations":[{"start":{"line":79,"column":11},"end":{"line":79,"column":16}},{"start":{"line":80,"column":12},"end":{"line":82,"column":20}}],"line":79},"4":{"loc":{"start":{"line":114,"column":15},"end":{"line":114,"column":69}},"type":"cond-expr","locations":[{"start":{"line":114,"column":27},"end":{"line":114,"column":57}},{"start":{"line":114,"column":60},"end":{"line":114,"column":69}}],"line":114}},"s":{"0":1,"1":1,"2":1,"3":1,"4":1,"5":1,"6":1,"7":1,"8":0,"9":1,"10":0,"11":0,"12":0,"13":0,"14":0,"15":0,"16":0,"17":1,"18":2,"19":0,"20":0,"21":1},"f":{"0":1,"1":0,"2":2,"3":0,"4":0},"b":{"0":[1,0],"1":[0,1],"2":[0,0],"3":[1,0],"4":[0,1]},"_coverageSchema":"1a1c01bbd47fc00a2c39e90264f33305004495a9","hash":"26e87a2481aacf6584891ed4cdee0c90f5414845"}
,"D:\\_ai\\kiro-projects\\insurance\\frontend\\src\\pages\\NotFoundPage.tsx": {"path":"D:\\_ai\\kiro-projects\\insurance\\frontend\\src\\pages\\NotFoundPage.tsx","statementMap":{"0":{"start":{"line":12,"column":31},"end":{"line":50,"column":1}},"1":{"start":{"line":13,"column":19},"end":{"line":13,"column":32}},"2":{"start":{"line":15,"column":2},"end":{"line":49,"column":4}},"3":{"start":{"line":41,"column":27},"end":{"line":41,"column":49}}},"fnMap":{"0":{"name":"(anonymous_0)","decl":{"start":{"line":12,"column":31},"end":{"line":12,"column":32}},"loc":{"start":{"line":12,"column":37},"end":{"line":50,"column":1}},"line":12},"1":{"name":"(anonymous_1)","decl":{"start":{"line":41,"column":21},"end":{"line":41,"column":22}},"loc":{"start":{"line":41,"column":27},"end":{"line":41,"column":49}},"line":41}},"branchMap":{},"s":{"0":1,"1":0,"2":0,"3":0},"f":{"0":0,"1":0},"b":{},"_coverageSchema":"1a1c01bbd47fc00a2c39e90264f33305004495a9","hash":"abee3276937ccd78c421daf43e446d8e784d1c67"}
,"D:\\_ai\\kiro-projects\\insurance\\frontend\\src\\pages\\PoliciesPage.tsx": {"path":"D:\\_ai\\kiro-projects\\insurance\\frontend\\src\\pages\\PoliciesPage.tsx","statementMap":{"0":{"start":{"line":10,"column":31},"end":{"line":33,"column":1}},"1":{"start":{"line":11,"column":2},"end":{"line":32,"column":4}}},"fnMap":{"0":{"name":"(anonymous_0)","decl":{"start":{"line":10,"column":31},"end":{"line":10,"column":32}},"loc":{"start":{"line":10,"column":37},"end":{"line":33,"column":1}},"line":10}},"branchMap":{},"s":{"0":1,"1":0},"f":{"0":0},"b":{},"_coverageSchema":"1a1c01bbd47fc00a2c39e90264f33305004495a9","hash":"029c9c230ee4d4bd2dd4f6ab694a41f40bc7ef71"}
,"D:\\_ai\\kiro-projects\\insurance\\frontend\\src\\pages\\UsersPage.tsx": {"path":"D:\\_ai\\kiro-projects\\insurance\\frontend\\src\\pages\\UsersPage.tsx","statementMap":{"0":{"start":{"line":10,"column":28},"end":{"line":33,"column":1}},"1":{"start":{"line":11,"column":2},"end":{"line":32,"column":4}}},"fnMap":{"0":{"name":"(anonymous_0)","decl":{"start":{"line":10,"column":28},"end":{"line":10,"column":29}},"loc":{"start":{"line":10,"column":34},"end":{"line":33,"column":1}},"line":10}},"branchMap":{},"s":{"0":1,"1":0},"f":{"0":0},"b":{},"_coverageSchema":"1a1c01bbd47fc00a2c39e90264f33305004495a9","hash":"ae41bfbfb1fd75aa4bb391050ad94d81edebff6d"}
,"D:\\_ai\\kiro-projects\\insurance\\frontend\\src\\services\\apiClient.ts": {"path":"D:\\_ai\\kiro-projects\\insurance\\frontend\\src\\services\\apiClient.ts","statementMap":{"0":{"start":{"line":4,"column":40},"end":{"line":10,"column":2}},"1":{"start":{"line":13,"column":0},"end":{"line":24,"column":2}},"2":{"start":{"line":15,"column":18},"end":{"line":15,"column":47}},"3":{"start":{"line":16,"column":4},"end":{"line":18,"column":5}},"4":{"start":{"line":17,"column":6},"end":{"line":17,"column":55}},"5":{"start":{"line":19,"column":4},"end":{"line":19,"column":18}},"6":{"start":{"line":22,"column":4},"end":{"line":22,"column":33}},"7":{"start":{"line":27,"column":0},"end":{"line":39,"column":2}},"8":{"start":{"line":29,"column":4},"end":{"line":29,"column":20}},"9":{"start":{"line":32,"column":4},"end":{"line":36,"column":5}},"10":{"start":{"line":34,"column":6},"end":{"line":34,"column":39}},"11":{"start":{"line":35,"column":6},"end":{"line":35,"column":38}},"12":{"start":{"line":37,"column":4},"end":{"line":37,"column":33}}},"fnMap":{"0":{"name":"(anonymous_0)","decl":{"start":{"line":14,"column":2},"end":{"line":14,"column":3}},"loc":{"start":{"line":14,"column":14},"end":{"line":20,"column":3}},"line":14},"1":{"name":"(anonymous_1)","decl":{"start":{"line":21,"column":2},"end":{"line":21,"column":3}},"loc":{"start":{"line":21,"column":13},"end":{"line":23,"column":3}},"line":21},"2":{"name":"(anonymous_2)","decl":{"start":{"line":28,"column":2},"end":{"line":28,"column":3}},"loc":{"start":{"line":28,"column":31},"end":{"line":30,"column":3}},"line":28},"3":{"name":"(anonymous_3)","decl":{"start":{"line":31,"column":2},"end":{"line":31,"column":3}},"loc":{"start":{"line":31,"column":25},"end":{"line":38,"column":3}},"line":31}},"branchMap":{"0":{"loc":{"start":{"line":5,"column":11},"end":{"line":5,"column":76}},"type":"binary-expr","locations":[{"start":{"line":5,"column":11},"end":{"line":5,"column":45}},{"start":{"line":5,"column":49},"end":{"line":5,"column":76}}],"line":5},"1":{"loc":{"start":{"line":16,"column":4},"end":{"line":18,"column":5}},"type":"if","locations":[{"start":{"line":16,"column":4},"end":{"line":18,"column":5}},{"start":{},"end":{}}],"line":16},"2":{"loc":{"start":{"line":32,"column":4},"end":{"line":36,"column":5}},"type":"if","locations":[{"start":{"line":32,"column":4},"end":{"line":36,"column":5}},{"start":{},"end":{}}],"line":32}},"s":{"0":0,"1":0,"2":0,"3":0,"4":0,"5":0,"6":0,"7":0,"8":0,"9":0,"10":0,"11":0,"12":0},"f":{"0":0,"1":0,"2":0,"3":0},"b":{"0":[0,0],"1":[0,0],"2":[0,0]}}
,"D:\\_ai\\kiro-projects\\insurance\\frontend\\src\\services\\authService.ts": {"path":"D:\\_ai\\kiro-projects\\insurance\\frontend\\src\\services\\authService.ts","statementMap":{"0":{"start":{"line":4,"column":27},"end":{"line":18,"column":1}},"1":{"start":{"line":6,"column":21},"end":{"line":6,"column":83}},"2":{"start":{"line":7,"column":4},"end":{"line":7,"column":25}},"3":{"start":{"line":11,"column":21},"end":{"line":11,"column":58}},"4":{"start":{"line":12,"column":4},"end":{"line":12,"column":25}},"5":{"start":{"line":16,"column":4},"end":{"line":16,"column":41}}},"fnMap":{"0":{"name":"(anonymous_0)","decl":{"start":{"line":5,"column":2},"end":{"line":5,"column":3}},"loc":{"start":{"line":5,"column":64},"end":{"line":8,"column":3}},"line":5},"1":{"name":"(anonymous_1)","decl":{"start":{"line":10,"column":2},"end":{"line":10,"column":3}},"loc":{"start":{"line":10,"column":40},"end":{"line":13,"column":3}},"line":10},"2":{"name":"(anonymous_2)","decl":{"start":{"line":15,"column":2},"end":{"line":15,"column":3}},"loc":{"start":{"line":15,"column":32},"end":{"line":17,"column":3}},"line":15}},"branchMap":{},"s":{"0":0,"1":0,"2":0,"3":0,"4":0,"5":0},"f":{"0":0,"1":0,"2":0},"b":{}}
,"D:\\_ai\\kiro-projects\\insurance\\frontend\\src\\theme\\theme.ts": {"path":"D:\\_ai\\kiro-projects\\insurance\\frontend\\src\\theme\\theme.ts","statementMap":{"0":{"start":{"line":4,"column":14},"end":{"line":118,"column":2}}},"fnMap":{},"branchMap":{},"s":{"0":1},"f":{},"b":{},"_coverageSchema":"1a1c01bbd47fc00a2c39e90264f33305004495a9","hash":"aefec663fd4a1b166afb050e8f934247b7a66370"}
,"D:\\_ai\\kiro-projects\\insurance\\frontend\\src\\types\\auth.ts": {"path":"D:\\_ai\\kiro-projects\\insurance\\frontend\\src\\types\\auth.ts","statementMap":{},"fnMap":{},"branchMap":{},"s":{},"f":{},"b":{}}
,"D:\\_ai\\kiro-projects\\insurance\\frontend\\src\\utils\\constants.ts": {"path":"D:\\_ai\\kiro-projects\\insurance\\frontend\\src\\utils\\constants.ts","statementMap":{"0":{"start":{"line":2,"column":29},"end":{"line":22,"column":10}},"1":{"start":{"line":10,"column":27},"end":{"line":10,"column":41}},"2":{"start":{"line":14,"column":27},"end":{"line":14,"column":44}},"3":{"start":{"line":15,"column":37},"end":{"line":15,"column":67}},"4":{"start":{"line":16,"column":25},"end":{"line":16,"column":46}},"5":{"start":{"line":19,"column":39},"end":{"line":19,"column":72}},"6":{"start":{"line":25,"column":26},"end":{"line":28,"column":10}},"7":{"start":{"line":31,"column":31},"end":{"line":35,"column":10}},"8":{"start":{"line":38,"column":31},"end":{"line":42,"column":10}},"9":{"start":{"line":45,"column":28},"end":{"line":48,"column":10}}},"fnMap":{"0":{"name":"(anonymous_0)","decl":{"start":{"line":10,"column":11},"end":{"line":10,"column":12}},"loc":{"start":{"line":10,"column":27},"end":{"line":10,"column":41}},"line":10},"1":{"name":"(anonymous_1)","decl":{"start":{"line":14,"column":11},"end":{"line":14,"column":12}},"loc":{"start":{"line":14,"column":27},"end":{"line":14,"column":44}},"line":14},"2":{"name":"(anonymous_2)","decl":{"start":{"line":15,"column":15},"end":{"line":15,"column":16}},"loc":{"start":{"line":15,"column":37},"end":{"line":15,"column":67}},"line":15},"3":{"name":"(anonymous_3)","decl":{"start":{"line":16,"column":9},"end":{"line":16,"column":10}},"loc":{"start":{"line":16,"column":25},"end":{"line":16,"column":46}},"line":16},"4":{"name":"(anonymous_4)","decl":{"start":{"line":19,"column":12},"end":{"line":19,"column":13}},"loc":{"start":{"line":19,"column":39},"end":{"line":19,"column":72}},"line":19}},"branchMap":{},"s":{"0":0,"1":0,"2":0,"3":0,"4":0,"5":0,"6":0,"7":0,"8":0,"9":0},"f":{"0":0,"1":0,"2":0,"3":0,"4":0},"b":{}}
,"D:\\_ai\\kiro-projects\\insurance\\frontend\\src\\utils\\formatters.ts": {"path":"D:\\_ai\\kiro-projects\\insurance\\frontend\\src\\utils\\formatters.ts","statementMap":{"0":{"start":{"line":2,"column":26},"end":{"line":9,"column":1}},"1":{"start":{"line":3,"column":18},"end":{"line":3,"column":66}},"2":{"start":{"line":4,"column":2},"end":{"line":8,"column":5}},"3":{"start":{"line":11,"column":30},"end":{"line":20,"column":1}},"4":{"start":{"line":12,"column":18},"end":{"line":12,"column":66}},"5":{"start":{"line":13,"column":2},"end":{"line":19,"column":5}},"6":{"start":{"line":23,"column":30},"end":{"line":28,"column":1}},"7":{"start":{"line":24,"column":2},"end":{"line":27,"column":20}},"8":{"start":{"line":31,"column":31},"end":{"line":33,"column":1}},"9":{"start":{"line":32,"column":2},"end":{"line":32,"column":68}},"10":{"start":{"line":35,"column":30},"end":{"line":37,"column":1}},"11":{"start":{"line":36,"column":2},"end":{"line":36,"column":36}},"12":{"start":{"line":40,"column":34},"end":{"line":42,"column":1}},"13":{"start":{"line":41,"column":2},"end":{"line":41,"column":36}}},"fnMap":{"0":{"name":"(anonymous_0)","decl":{"start":{"line":2,"column":26},"end":{"line":2,"column":27}},"loc":{"start":{"line":2,"column":59},"end":{"line":9,"column":1}},"line":2},"1":{"name":"(anonymous_1)","decl":{"start":{"line":11,"column":30},"end":{"line":11,"column":31}},"loc":{"start":{"line":11,"column":63},"end":{"line":20,"column":1}},"line":11},"2":{"name":"(anonymous_2)","decl":{"start":{"line":23,"column":30},"end":{"line":23,"column":31}},"loc":{"start":{"line":23,"column":58},"end":{"line":28,"column":1}},"line":23},"3":{"name":"(anonymous_3)","decl":{"start":{"line":31,"column":31},"end":{"line":31,"column":32}},"loc":{"start":{"line":31,"column":57},"end":{"line":33,"column":1}},"line":31},"4":{"name":"(anonymous_4)","decl":{"start":{"line":35,"column":30},"end":{"line":35,"column":31}},"loc":{"start":{"line":35,"column":79},"end":{"line":37,"column":1}},"line":35},"5":{"name":"(anonymous_5)","decl":{"start":{"line":40,"column":34},"end":{"line":40,"column":35}},"loc":{"start":{"line":40,"column":68},"end":{"line":42,"column":1}},"line":40}},"branchMap":{"0":{"loc":{"start":{"line":3,"column":18},"end":{"line":3,"column":66}},"type":"cond-expr","locations":[{"start":{"line":3,"column":45},"end":{"line":3,"column":59}},{"start":{"line":3,"column":62},"end":{"line":3,"column":66}}],"line":3},"1":{"loc":{"start":{"line":12,"column":18},"end":{"line":12,"column":66}},"type":"cond-expr","locations":[{"start":{"line":12,"column":45},"end":{"line":12,"column":59}},{"start":{"line":12,"column":62},"end":{"line":12,"column":66}}],"line":12}},"s":{"0":0,"1":0,"2":0,"3":0,"4":0,"5":0,"6":0,"7":0,"8":0,"9":0,"10":0,"11":0,"12":0,"13":0},"f":{"0":0,"1":0,"2":0,"3":0,"4":0,"5":0},"b":{"0":[0,0],"1":[0,0]}}
,"D:\\_ai\\kiro-projects\\insurance\\frontend\\src\\utils\\validators.ts": {"path":"D:\\_ai\\kiro-projects\\insurance\\frontend\\src\\utils\\validators.ts","statementMap":{"0":{"start":{"line":2,"column":28},"end":{"line":5,"column":1}},"1":{"start":{"line":3,"column":21},"end":{"line":3,"column":49}},"2":{"start":{"line":4,"column":2},"end":{"line":4,"column":32}},"3":{"start":{"line":8,"column":31},"end":{"line":12,"column":1}},"4":{"start":{"line":10,"column":24},"end":{"line":10,"column":79}},"5":{"start":{"line":11,"column":2},"end":{"line":11,"column":38}},"6":{"start":{"line":15,"column":28},"end":{"line":29,"column":1}},"7":{"start":{"line":16,"column":2},"end":{"line":18,"column":3}},"8":{"start":{"line":17,"column":4},"end":{"line":17,"column":17}},"9":{"start":{"line":20,"column":18},"end":{"line":20,"column":48}},"10":{"start":{"line":21,"column":12},"end":{"line":21,"column":13}},"11":{"start":{"line":23,"column":2},"end":{"line":25,"column":3}},"12":{"start":{"line":23,"column":15},"end":{"line":23,"column":16}},"13":{"start":{"line":24,"column":4},"end":{"line":24,"column":43}},"14":{"start":{"line":27,"column":19},"end":{"line":27,"column":41}},"15":{"start":{"line":28,"column":2},"end":{"line":28,"column":42}},"16":{"start":{"line":32,"column":26},"end":{"line":35,"column":1}},"17":{"start":{"line":33,"column":19},"end":{"line":33,"column":42}},"18":{"start":{"line":34,"column":2},"end":{"line":34,"column":28}},"19":{"start":{"line":38,"column":41},"end":{"line":42,"column":1}},"20":{"start":{"line":40,"column":19},"end":{"line":40,"column":37}},"21":{"start":{"line":41,"column":2},"end":{"line":41,"column":48}},"22":{"start":{"line":45,"column":34},"end":{"line":48,"column":1}},"23":{"start":{"line":46,"column":21},"end":{"line":46,"column":46}},"24":{"start":{"line":47,"column":2},"end":{"line":47,"column":32}},"25":{"start":{"line":51,"column":26},"end":{"line":55,"column":1}},"26":{"start":{"line":52,"column":2},"end":{"line":52,"column":58}},"27":{"start":{"line":52,"column":45},"end":{"line":52,"column":58}},"28":{"start":{"line":53,"column":2},"end":{"line":53,"column":64}},"29":{"start":{"line":53,"column":33},"end":{"line":53,"column":64}},"30":{"start":{"line":54,"column":2},"end":{"line":54,"column":14}}},"fnMap":{"0":{"name":"(anonymous_0)","decl":{"start":{"line":2,"column":28},"end":{"line":2,"column":29}},"loc":{"start":{"line":2,"column":56},"end":{"line":5,"column":1}},"line":2},"1":{"name":"(anonymous_1)","decl":{"start":{"line":8,"column":31},"end":{"line":8,"column":32}},"loc":{"start":{"line":8,"column":62},"end":{"line":12,"column":1}},"line":8},"2":{"name":"(anonymous_2)","decl":{"start":{"line":15,"column":28},"end":{"line":15,"column":29}},"loc":{"start":{"line":15,"column":56},"end":{"line":29,"column":1}},"line":15},"3":{"name":"(anonymous_3)","decl":{"start":{"line":32,"column":26},"end":{"line":32,"column":27}},"loc":{"start":{"line":32,"column":52},"end":{"line":35,"column":1}},"line":32},"4":{"name":"(anonymous_4)","decl":{"start":{"line":38,"column":41},"end":{"line":38,"column":42}},"loc":{"start":{"line":38,"column":73},"end":{"line":42,"column":1}},"line":38},"5":{"name":"(anonymous_5)","decl":{"start":{"line":45,"column":34},"end":{"line":45,"column":35}},"loc":{"start":{"line":45,"column":62},"end":{"line":48,"column":1}},"line":45},"6":{"name":"(anonymous_6)","decl":{"start":{"line":51,"column":26},"end":{"line":51,"column":27}},"loc":{"start":{"line":51,"column":82},"end":{"line":55,"column":1}},"line":51}},"branchMap":{"0":{"loc":{"start":{"line":16,"column":2},"end":{"line":18,"column":3}},"type":"if","locations":[{"start":{"line":16,"column":2},"end":{"line":18,"column":3}},{"start":{},"end":{}}],"line":16},"1":{"loc":{"start":{"line":16,"column":6},"end":{"line":16,"column":52}},"type":"binary-expr","locations":[{"start":{"line":16,"column":6},"end":{"line":16,"column":25}},{"start":{"line":16,"column":29},"end":{"line":16,"column":52}}],"line":16},"2":{"loc":{"start":{"line":52,"column":2},"end":{"line":52,"column":58}},"type":"if","locations":[{"start":{"line":52,"column":2},"end":{"line":52,"column":58}},{"start":{},"end":{}}],"line":52},"3":{"loc":{"start":{"line":52,"column":6},"end":{"line":52,"column":43}},"type":"binary-expr","locations":[{"start":{"line":52,"column":6},"end":{"line":52,"column":20}},{"start":{"line":52,"column":24},"end":{"line":52,"column":43}}],"line":52},"4":{"loc":{"start":{"line":53,"column":2},"end":{"line":53,"column":64}},"type":"if","locations":[{"start":{"line":53,"column":2},"end":{"line":53,"column":64}},{"start":{},"end":{}}],"line":53}},"s":{"0":0,"1":0,"2":0,"3":0,"4":0,"5":0,"6":0,"7":0,"8":0,"9":0,"10":0,"11":0,"12":0,"13":0,"14":0,"15":0,"16":0,"17":0,"18":0,"19":0,"20":0,"21":0,"22":0,"23":0,"24":0,"25":0,"26":0,"27":0,"28":0,"29":0,"30":0},"f":{"0":0,"1":0,"2":0,"3":0,"4":0,"5":0,"6":0},"b":{"0":[0,0],"1":[0,0],"2":[0,0],"3":[0,0],"4":[0,0]}}
}
